<?xml version="1.0" encoding="UTF-8"?>
<testsuite name="MainTest" tests="3" skipped="0" failures="0" errors="0" timestamp="2017-12-09T12:24:52" hostname="DESKTOP-OME40IK" time="0.008">
  <properties/>
  <testcase name="getRandomPersonTest" classname="MainTest" time="0.008"/>
  <testcase name="getRandonNum" classname="MainTest" time="0.0"/>
  <testcase name="getRandonString" classname="MainTest" time="0.0"/>
  <system-out><![CDATA[]]></system-out>
  <system-err><![CDATA[]]></system-err>
</testsuite>
