<?xml version="1.0" encoding="UTF-8"?>
<testsuite name="tests.GSONSerializationTest" tests="2" skipped="0" failures="0" errors="0" timestamp="2017-12-25T19:34:18" hostname="DESKTOP-OME40IK" time="0.307">
  <properties/>
  <testcase name="serializationEmpty" classname="tests.GSONSerializationTest" time="0.294"/>
  <testcase name="serialization" classname="tests.GSONSerializationTest" time="0.012"/>
  <system-out><![CDATA[]]></system-out>
  <system-err><![CDATA[]]></system-err>
</testsuite>
