<?xml version="1.0" encoding="UTF-8"?>
<testsuite name="tests.JSONSerializationTest" tests="2" skipped="0" failures="0" errors="0" timestamp="2017-12-25T19:34:19" hostname="DESKTOP-OME40IK" time="0.093">
  <properties/>
  <testcase name="serializationEmpty" classname="tests.JSONSerializationTest" time="0.076"/>
  <testcase name="serialization" classname="tests.JSONSerializationTest" time="0.016"/>
  <system-out><![CDATA[]]></system-out>
  <system-err><![CDATA[]]></system-err>
</testsuite>
