<?xml version="1.0" encoding="UTF-8"?>
<testsuite name="SerializableTest" tests="1" skipped="0" failures="0" errors="0" timestamp="2017-12-04T06:49:53" hostname="DESKTOP-OME40IK" time="0.0">
  <properties/>
  <testcase name="PersonTest" classname="SerializableTest" time="0.0"/>
  <system-out><![CDATA[]]></system-out>
  <system-err><![CDATA[]]></system-err>
</testsuite>
