<?xml version="1.0" encoding="UTF-8"?>
<testsuite name="SerializationTest" tests="3" skipped="0" failures="0" errors="0" timestamp="2017-12-04T06:49:53" hostname="DESKTOP-OME40IK" time="1.885">
  <properties/>
  <testcase name="GSONTest" classname="SerializationTest" time="0.5"/>
  <testcase name="JacksonTest" classname="SerializationTest" time="1.307"/>
  <testcase name="OrgJSON" classname="SerializationTest" time="0.078"/>
  <system-out><![CDATA[]]></system-out>
  <system-err><![CDATA[]]></system-err>
</testsuite>
