<?xml version="1.0" encoding="UTF-8"?>
<testsuite name="SerializationTest" tests="3" skipped="0" failures="0" errors="0" timestamp="2017-12-04T07:08:56" hostname="DESKTOP-OME40IK" time="1.684">
  <properties/>
  <testcase name="GSONTest" classname="SerializationTest" time="0.301"/>
  <testcase name="JacksonTest" classname="SerializationTest" time="1.334"/>
  <testcase name="OrgJSON" classname="SerializationTest" time="0.048"/>
  <system-out><![CDATA[]]></system-out>
  <system-err><![CDATA[]]></system-err>
</testsuite>
